c:\users\владимир\source\repos\vladimirsoldatov\tetrisconsole\project4\x64\debug\vc143.pdb
c:\users\владимир\source\repos\vladimirsoldatov\tetrisconsole\project4\x64\debug\vc143.idb
c:\users\владимир\source\repos\vladimirsoldatov\tetrisconsole\project4\x64\debug\main.obj
c:\users\владимир\source\repos\vladimirsoldatov\tetrisconsole\project4\x64\debug\board.obj
c:\users\владимир\source\repos\vladimirsoldatov\tetrisconsole\project4\x64\debug\block.obj
c:\users\владимир\source\repos\vladimirsoldatov\tetrisstudy\project4\x64\debug\vc143.pdb
c:\users\владимир\source\repos\vladimirsoldatov\tetrisstudy\project4\x64\debug\vc143.idb
c:\users\владимир\source\repos\vladimirsoldatov\tetrisstudy\project4\x64\debug\main.obj
c:\users\владимир\source\repos\vladimirsoldatov\tetrisstudy\project4\x64\debug\board.obj
c:\users\владимир\source\repos\vladimirsoldatov\tetrisstudy\project4\x64\debug\block.obj
c:\users\владимир\source\repos\vladimirsoldatov\tetrisconsole\x64\debug\project4.exe
c:\users\владимир\source\repos\vladimirsoldatov\tetrisconsole\project4\x64\debug\project4.ilk
c:\users\владимир\source\repos\vladimirsoldatov\tetrisconsole\x64\debug\project4.pdb
c:\users\владимир\source\repos\vladimirsoldatov\tetrisstudy\x64\debug\project4.pdb
c:\users\владимир\source\repos\vladimirsoldatov\tetrisstudy\project4\x64\debug\project4.tlog\cl.command.1.tlog
c:\users\владимир\source\repos\vladimirsoldatov\tetrisstudy\project4\x64\debug\project4.tlog\cl.read.1.tlog
c:\users\владимир\source\repos\vladimirsoldatov\tetrisstudy\project4\x64\debug\project4.tlog\cl.write.1.tlog
c:\users\владимир\source\repos\vladimirsoldatov\tetrisstudy\project4\x64\debug\project4.tlog\link.13300.read.1.tlog
c:\users\владимир\source\repos\vladimirsoldatov\tetrisstudy\project4\x64\debug\project4.tlog\link.13300.write.1.tlog
c:\users\владимир\source\repos\vladimirsoldatov\tetrisstudy\project4\x64\debug\project4.tlog\link.command.1.tlog
c:\users\владимир\source\repos\vladimirsoldatov\tetrisstudy\project4\x64\debug\project4.tlog\link.read.1.tlog
c:\users\владимир\source\repos\vladimirsoldatov\tetrisstudy\project4\x64\debug\project4.tlog\link.write.1.tlog
